Using pre-set license
Built from '2021.1/release' branch; Version is '2021.1.10f1 (b15f561b2cef) revision 11624278'; Using compiler version '192528614'; Build Type 'Release'
OS: 'Windows 7  (6.1.0) 64bit' Language: 'fr' Physical Memory: 8146 MB
BatchMode: 1, IsHumanControllingUs: 0, StartBugReporterOnCrash: 0, Is64bit: 1, IsPro: 0

 COMMAND LINE ARGUMENTS:
F:\Unity\2021.1.10f1\Editor\Unity.exe
-adb2
-batchMode
-noUpm
-name
AssetImportWorker0
-projectPath
F:/licence/PFE/médecin_files/Médecin
-logFile
Logs/AssetImportWorker0.log
-srvPort
23653
Successfully changed project path to: F:/licence/PFE/médecin_files/Médecin
F:/licence/PFE/médecin_files/Médecin
Using Asset Import Pipeline V2.
Refreshing native plugins compatible for Editor in 127.34 ms, found 4 plugins.
Preloading 0 native plugins for Editor in 0.00 ms.
Initialize engine version: 2021.1.10f1 (b15f561b2cef)
[Subsystems] Discovering subsystems at path F:/Unity/2021.1.10f1/Editor/Data/Resources/UnitySubsystems
[Subsystems] Discovering subsystems at path F:/licence/PFE/médecin_files/Médecin/Assets
GfxDevice: creating device client; threaded=0; jobified=0
d3d11: CreateDXGIFactory2(...) not found, fallbacking to CreateDXGIFactory1(...).
d3d11: QueryInterface(IDXGIFactory5) failed (80004002).
Direct3D:
    Version:  Direct3D 11.0 [level 11.0]
    Renderer: NVIDIA GeForce GTX 1050 Ti (ID=0x1c82)
    Vendor:   NVIDIA
    VRAM:     4008 MB
    Driver:   27.21.14.5206
Initialize mono
Mono path[0] = 'F:/Unity/2021.1.10f1/Editor/Data/Managed'
Mono path[1] = 'F:/Unity/2021.1.10f1/Editor/Data/MonoBleedingEdge/lib/mono/unityjit'
Mono config path = 'F:/Unity/2021.1.10f1/Editor/Data/MonoBleedingEdge/etc'
Using monoOptions --debugger-agent=transport=dt_socket,embedding=1,server=y,suspend=n,address=127.0.0.1:56088
Begin MonoManager ReloadAssembly
Registering precompiled unity dll's ...
Register platform support module: F:/Unity/2021.1.10f1/Editor/Data/PlaybackEngines/WebGLSupport/UnityEditor.WebGL.Extensions.dll
Register platform support module: F:/Unity/2021.1.10f1/Editor/Data/PlaybackEngines/WindowsStandaloneSupport/UnityEditor.WindowsStandalone.Extensions.dll
Registered in 0.001227 seconds.
Native extension for WindowsStandalone target not found
Native extension for WebGL target not found
Refreshing native plugins compatible for Editor in 127.53 ms, found 4 plugins.
Preloading 0 native plugins for Editor in 0.00 ms.
Mono: successfully reloaded assembly
- Completed reload, in  1.694 seconds
Domain Reload Profiling:
	ReloadAssembly (1695ms)
		BeginReloadAssembly (69ms)
			ExecutionOrderSort (0ms)
			DisableScriptedObjects (0ms)
			BackupInstance (0ms)
			ReleaseScriptingObjects (0ms)
			CreateAndSetChildDomain (1ms)
		EndReloadAssembly (594ms)
			LoadAssemblies (68ms)
			RebuildTransferFunctionScriptingTraits (0ms)
			SetupTypeCache (209ms)
			ReleaseScriptCaches (0ms)
			RebuildScriptCaches (39ms)
			SetupLoadedEditorAssemblies (296ms)
				LogAssemblyErrors (0ms)
				InitializePlatformSupportModulesInManaged (9ms)
				SetLoadedEditorAssemblies (1ms)
				RefreshPlugins (128ms)
				BeforeProcessingInitializeOnLoad (2ms)
				ProcessInitializeOnLoadAttributes (121ms)
				ProcessInitializeOnLoadMethodAttributes (36ms)
				AfterProcessingInitializeOnLoad (0ms)
				EditorAssembliesLoaded (0ms)
			ExecutionOrderSort2 (0ms)
			AwakeInstancesAfterBackupRestoration (0ms)
Platform modules already initialized, skipping
Registering precompiled user dll's ...
Registered in 0.005086 seconds.
Begin MonoManager ReloadAssembly
Symbol file LoadedFromMemory doesn't match image F:\licence\PFE\médecin_files\Médecin\Library\PackageCache\com.unity.visualscripting@1.6.1\Editor\VisualScripting.Core\Dependencies\YamlDotNet\Unity.VisualScripting.YamlDotNet.dll
Symbol file LoadedFromMemory doesn't match image F:\licence\PFE\médecin_files\Médecin\Library\PackageCache\com.unity.visualscripting@1.6.1\Editor\VisualScripting.Core\Dependencies\DotNetZip\Unity.VisualScripting.IonicZip.dll
Native extension for WindowsStandalone target not found
Native extension for WebGL target not found
Refreshing native plugins compatible for Editor in 128.38 ms, found 4 plugins.
Preloading 0 native plugins for Editor in 0.00 ms.
Mono: successfully reloaded assembly
- Completed reload, in  1.549 seconds
Domain Reload Profiling:
	ReloadAssembly (1549ms)
		BeginReloadAssembly (168ms)
			ExecutionOrderSort (0ms)
			DisableScriptedObjects (6ms)
			BackupInstance (0ms)
			ReleaseScriptingObjects (0ms)
			CreateAndSetChildDomain (17ms)
		EndReloadAssembly (1315ms)
			LoadAssemblies (105ms)
			RebuildTransferFunctionScriptingTraits (0ms)
			SetupTypeCache (453ms)
			ReleaseScriptCaches (1ms)
			RebuildScriptCaches (71ms)
			SetupLoadedEditorAssemblies (551ms)
				LogAssemblyErrors (0ms)
				InitializePlatformSupportModulesInManaged (5ms)
				SetLoadedEditorAssemblies (0ms)
				RefreshPlugins (128ms)
				BeforeProcessingInitializeOnLoad (101ms)
				ProcessInitializeOnLoadAttributes (295ms)
				ProcessInitializeOnLoadMethodAttributes (18ms)
				AfterProcessingInitializeOnLoad (2ms)
				EditorAssembliesLoaded (0ms)
			ExecutionOrderSort2 (0ms)
			AwakeInstancesAfterBackupRestoration (8ms)
Platform modules already initialized, skipping
========================================================================
Worker process is ready to serve import requests
Launched and connected shader compiler UnityShaderCompiler.exe after 0.06 seconds
Refreshing native plugins compatible for Editor in 0.78 ms, found 4 plugins.
Preloading 0 native plugins for Editor in 0.00 ms.
Unloading 3679 Unused Serialized files (Serialized files now loaded: 0)
System memory in use before: 136.4 MB.
System memory in use after: 136.6 MB.

Unloading 36 unused Assets to reduce memory usage. Loaded Objects now: 4126.
Total: 3.448559 ms (FindLiveObjects: 0.355269 ms CreateObjectMapping: 0.166617 ms MarkObjects: 2.750396 ms  DeleteObjects: 0.174465 ms)

AssetImportParameters requested are different than current active one (requested -> active):
  custom:framework-win-MediaFoundation: 216162199b28c13a410421893ffa2e32 -> 
  custom:video-decoder-ogg-theora: a1e56fd34408186e4bbccfd4996cb3dc -> 
  custom:container-muxer-webm: aa71ff27fc2769a1b78a27578f13a17b -> 
  custom:container-demuxer-webm: 4f35f7cbe854078d1ac9338744f61a02 -> 
  custom:container-demuxer-ogg: 62fdf1f143b41e24485cea50d1cbac27 -> 
  custom:video-encoder-webm-vp8: eb34c28f22e8b96e1ab97ce403110664 -> 
  custom:video-decoder-webm-vp8: 9c59270c3fd7afecdb556c50c9e8de78 -> 
  custom:audio-decoder-ogg-vorbis: bf7c407c2cedff20999df2af8eb42d56 -> 
  custom:audio-encoder-webm-vorbis: bf7c407c2cedff20999df2af8eb42d56 -> 
========================================================================
Received Import Request.
  path: Assets/Prefabs/Villageois/Sylvie.prefab
  artifactKey: Guid(53171e686c09f284a9c59ccbea853f9e) Importer(815301076,1909f56bfc062723c751e8b465ee728b)
Start importing Assets/Prefabs/Villageois/Sylvie.prefab using Guid(53171e686c09f284a9c59ccbea853f9e) Importer(815301076,1909f56bfc062723c751e8b465ee728b)  -> (artifact id: 'de8f74aa98ce776312d8b28ad9c72f90') in 0.764908 seconds 
========================================================================
Received Import Request.
  Time since last request: 34.134423 seconds.
  path: Assets/Prefabs/Villageois/Sylvie.prefab
  artifactKey: Guid(53171e686c09f284a9c59ccbea853f9e) Importer(815301076,1909f56bfc062723c751e8b465ee728b)
Start importing Assets/Prefabs/Villageois/Sylvie.prefab using Guid(53171e686c09f284a9c59ccbea853f9e) Importer(815301076,1909f56bfc062723c751e8b465ee728b)  -> (artifact id: 'fabde51d4300df795c69ad4956a00913') in 0.024107 seconds 
========================================================================
Received Import Request.
  Time since last request: 0.804915 seconds.
  path: Assets/Prefabs/Villageois/Sylvie.prefab
  artifactKey: Guid(53171e686c09f284a9c59ccbea853f9e) Importer(815301076,1909f56bfc062723c751e8b465ee728b)
Start importing Assets/Prefabs/Villageois/Sylvie.prefab using Guid(53171e686c09f284a9c59ccbea853f9e) Importer(815301076,1909f56bfc062723c751e8b465ee728b)  -> (artifact id: 'f01fa697d843e84d6a4fd1e8eaebd10a') in 0.018950 seconds 
========================================================================
Received Import Request.
  Time since last request: 1.382430 seconds.
  path: Assets/Prefabs/Villageois/Sylvie.prefab
  artifactKey: Guid(53171e686c09f284a9c59ccbea853f9e) Importer(815301076,1909f56bfc062723c751e8b465ee728b)
Start importing Assets/Prefabs/Villageois/Sylvie.prefab using Guid(53171e686c09f284a9c59ccbea853f9e) Importer(815301076,1909f56bfc062723c751e8b465ee728b)  -> (artifact id: '9c5c53f29da951a52bd36006ca9d1f22') in 0.019925 seconds 
========================================================================
Received Import Request.
  Time since last request: 3.296622 seconds.
  path: Assets/Prefabs/Villageois/Sylvie.prefab
  artifactKey: Guid(53171e686c09f284a9c59ccbea853f9e) Importer(815301076,1909f56bfc062723c751e8b465ee728b)
Start importing Assets/Prefabs/Villageois/Sylvie.prefab using Guid(53171e686c09f284a9c59ccbea853f9e) Importer(815301076,1909f56bfc062723c751e8b465ee728b)  -> (artifact id: '088c080a04a3f587a178069dac7cf2cd') in 0.022058 seconds 
========================================================================
Received Import Request.
  Time since last request: 4.945852 seconds.
  path: Assets/Prefabs/Villageois/Sylvie.prefab
  artifactKey: Guid(53171e686c09f284a9c59ccbea853f9e) Importer(815301076,1909f56bfc062723c751e8b465ee728b)
Start importing Assets/Prefabs/Villageois/Sylvie.prefab using Guid(53171e686c09f284a9c59ccbea853f9e) Importer(815301076,1909f56bfc062723c751e8b465ee728b)  -> (artifact id: '563ec716ad65391831ef0e2ff0938ab9') in 0.019922 seconds 
========================================================================
Received Import Request.
  Time since last request: 10.146621 seconds.
  path: Assets/Prefabs/Villageois/Sylvie.prefab
  artifactKey: Guid(53171e686c09f284a9c59ccbea853f9e) Importer(815301076,1909f56bfc062723c751e8b465ee728b)
Start importing Assets/Prefabs/Villageois/Sylvie.prefab using Guid(53171e686c09f284a9c59ccbea853f9e) Importer(815301076,1909f56bfc062723c751e8b465ee728b)  -> (artifact id: 'd8ca0065e750580432081518597f7421') in 0.021333 seconds 
========================================================================
Received Prepare
Registering precompiled user dll's ...
Registered in 0.004874 seconds.
Begin MonoManager ReloadAssembly
Symbol file LoadedFromMemory doesn't match image F:\licence\PFE\médecin_files\Médecin\Library\PackageCache\com.unity.visualscripting@1.6.1\Editor\VisualScripting.Core\Dependencies\YamlDotNet\Unity.VisualScripting.YamlDotNet.dll
Symbol file LoadedFromMemory doesn't match image F:\licence\PFE\médecin_files\Médecin\Library\PackageCache\com.unity.visualscripting@1.6.1\Editor\VisualScripting.Core\Dependencies\DotNetZip\Unity.VisualScripting.IonicZip.dll
Native extension for WindowsStandalone target not found
Native extension for WebGL target not found
Refreshing native plugins compatible for Editor in 0.82 ms, found 4 plugins.
Preloading 0 native plugins for Editor in 0.00 ms.
Mono: successfully reloaded assembly
- Completed reload, in  1.321 seconds
Domain Reload Profiling:
	ReloadAssembly (1321ms)
		BeginReloadAssembly (123ms)
			ExecutionOrderSort (0ms)
			DisableScriptedObjects (11ms)
			BackupInstance (0ms)
			ReleaseScriptingObjects (0ms)
			CreateAndSetChildDomain (42ms)
		EndReloadAssembly (1122ms)
			LoadAssemblies (103ms)
			RebuildTransferFunctionScriptingTraits (0ms)
			SetupTypeCache (438ms)
			ReleaseScriptCaches (2ms)
			RebuildScriptCaches (67ms)
			SetupLoadedEditorAssemblies (380ms)
				LogAssemblyErrors (0ms)
				InitializePlatformSupportModulesInManaged (6ms)
				SetLoadedEditorAssemblies (1ms)
				RefreshPlugins (1ms)
				BeforeProcessingInitializeOnLoad (73ms)
				ProcessInitializeOnLoadAttributes (287ms)
				ProcessInitializeOnLoadMethodAttributes (10ms)
				AfterProcessingInitializeOnLoad (2ms)
				EditorAssembliesLoaded (0ms)
			ExecutionOrderSort2 (0ms)
			AwakeInstancesAfterBackupRestoration (15ms)
Platform modules already initialized, skipping
Refreshing native plugins compatible for Editor in 0.80 ms, found 4 plugins.
Preloading 0 native plugins for Editor in 0.00 ms.
Unloading 3673 Unused Serialized files (Serialized files now loaded: 0)
System memory in use before: 140.6 MB.
System memory in use after: 140.7 MB.

Unloading 24 unused Assets to reduce memory usage. Loaded Objects now: 4137.
Total: 3.038052 ms (FindLiveObjects: 0.272866 ms CreateObjectMapping: 0.151525 ms MarkObjects: 2.495942 ms  DeleteObjects: 0.116511 ms)

AssetImportParameters requested are different than current active one (requested -> active):
  custom:framework-win-MediaFoundation: 216162199b28c13a410421893ffa2e32 -> 
  custom:video-decoder-ogg-theora: a1e56fd34408186e4bbccfd4996cb3dc -> 
  custom:container-muxer-webm: aa71ff27fc2769a1b78a27578f13a17b -> 
  custom:container-demuxer-webm: 4f35f7cbe854078d1ac9338744f61a02 -> 
  custom:container-demuxer-ogg: 62fdf1f143b41e24485cea50d1cbac27 -> 
  custom:video-encoder-webm-vp8: eb34c28f22e8b96e1ab97ce403110664 -> 
  custom:video-decoder-webm-vp8: 9c59270c3fd7afecdb556c50c9e8de78 -> 
  custom:audio-decoder-ogg-vorbis: bf7c407c2cedff20999df2af8eb42d56 -> 
  custom:audio-encoder-webm-vorbis: bf7c407c2cedff20999df2af8eb42d56 -> 
========================================================================
Received Import Request.
  Time since last request: 229.971667 seconds.
  path: Assets/Prefabs/Villageois/Sylvie.prefab
  artifactKey: Guid(53171e686c09f284a9c59ccbea853f9e) Importer(815301076,1909f56bfc062723c751e8b465ee728b)
Start importing Assets/Prefabs/Villageois/Sylvie.prefab using Guid(53171e686c09f284a9c59ccbea853f9e) Importer(815301076,1909f56bfc062723c751e8b465ee728b)  -> (artifact id: '0263128d5081cba672472d62b8e4f939') in 0.081236 seconds 
========================================================================
Received Import Request.
  Time since last request: 7.262742 seconds.
  path: Assets/Prefabs/Villageois/Sylvie.prefab
  artifactKey: Guid(53171e686c09f284a9c59ccbea853f9e) Importer(815301076,1909f56bfc062723c751e8b465ee728b)
Start importing Assets/Prefabs/Villageois/Sylvie.prefab using Guid(53171e686c09f284a9c59ccbea853f9e) Importer(815301076,1909f56bfc062723c751e8b465ee728b)  -> (artifact id: '9a7132ba78f2cb359f679c32695c9f59') in 0.022552 seconds 
========================================================================
Received Import Request.
  Time since last request: 4.658218 seconds.
  path: Assets/Prefabs/Villageois/Sylvie.prefab
  artifactKey: Guid(53171e686c09f284a9c59ccbea853f9e) Importer(815301076,1909f56bfc062723c751e8b465ee728b)
Start importing Assets/Prefabs/Villageois/Sylvie.prefab using Guid(53171e686c09f284a9c59ccbea853f9e) Importer(815301076,1909f56bfc062723c751e8b465ee728b)  -> (artifact id: '9726ee46d3fb5d293b4e59c2b244dbd4') in 0.024369 seconds 
========================================================================
Received Import Request.
  Time since last request: 8.215921 seconds.
  path: Assets/Prefabs/Villageois/Sylvie.prefab
  artifactKey: Guid(53171e686c09f284a9c59ccbea853f9e) Importer(815301076,1909f56bfc062723c751e8b465ee728b)
Start importing Assets/Prefabs/Villageois/Sylvie.prefab using Guid(53171e686c09f284a9c59ccbea853f9e) Importer(815301076,1909f56bfc062723c751e8b465ee728b)  -> (artifact id: 'dfdf975647d69d16c4286430196a2d00') in 0.018206 seconds 
========================================================================
Received Import Request.
  Time since last request: 4.603527 seconds.
  path: Assets/Prefabs/Villageois/Sylvie.prefab
  artifactKey: Guid(53171e686c09f284a9c59ccbea853f9e) Importer(815301076,1909f56bfc062723c751e8b465ee728b)
Start importing Assets/Prefabs/Villageois/Sylvie.prefab using Guid(53171e686c09f284a9c59ccbea853f9e) Importer(815301076,1909f56bfc062723c751e8b465ee728b)  -> (artifact id: 'bf87604734c0f79ad57c174464b806ad') in 0.021196 seconds 
========================================================================
Received Import Request.
  Time since last request: 5.219048 seconds.
  path: Assets/Prefabs/Villageois/Sylvie.prefab
  artifactKey: Guid(53171e686c09f284a9c59ccbea853f9e) Importer(815301076,1909f56bfc062723c751e8b465ee728b)
Start importing Assets/Prefabs/Villageois/Sylvie.prefab using Guid(53171e686c09f284a9c59ccbea853f9e) Importer(815301076,1909f56bfc062723c751e8b465ee728b)  -> (artifact id: 'd4ad1174ee73afb5539f0560d6640f4b') in 0.020472 seconds 
========================================================================
Received Import Request.
  Time since last request: 3.777969 seconds.
  path: Assets/Prefabs/Villageois/Sylvie.prefab
  artifactKey: Guid(53171e686c09f284a9c59ccbea853f9e) Importer(815301076,1909f56bfc062723c751e8b465ee728b)
Start importing Assets/Prefabs/Villageois/Sylvie.prefab using Guid(53171e686c09f284a9c59ccbea853f9e) Importer(815301076,1909f56bfc062723c751e8b465ee728b)  -> (artifact id: '15c005648e045ea51c82c990dd1bc8e6') in 0.021121 seconds 
========================================================================
Received Import Request.
  Time since last request: 1.835081 seconds.
  path: Assets/Prefabs/Villageois/Sylvie.prefab
  artifactKey: Guid(53171e686c09f284a9c59ccbea853f9e) Importer(815301076,1909f56bfc062723c751e8b465ee728b)
Start importing Assets/Prefabs/Villageois/Sylvie.prefab using Guid(53171e686c09f284a9c59ccbea853f9e) Importer(815301076,1909f56bfc062723c751e8b465ee728b)  -> (artifact id: '258cde438d1eb864d99696a3440f03a9') in 0.020032 seconds 
========================================================================
Received Import Request.
  Time since last request: 1.824999 seconds.
  path: Assets/Prefabs/Villageois/Sylvie.prefab
  artifactKey: Guid(53171e686c09f284a9c59ccbea853f9e) Importer(815301076,1909f56bfc062723c751e8b465ee728b)
Start importing Assets/Prefabs/Villageois/Sylvie.prefab using Guid(53171e686c09f284a9c59ccbea853f9e) Importer(815301076,1909f56bfc062723c751e8b465ee728b)  -> (artifact id: 'c225cc163b495dd808f2b51df5f1568f') in 0.019094 seconds 
========================================================================
Received Import Request.
  Time since last request: 1.749738 seconds.
  path: Assets/Prefabs/Villageois/Sylvie.prefab
  artifactKey: Guid(53171e686c09f284a9c59ccbea853f9e) Importer(815301076,1909f56bfc062723c751e8b465ee728b)
Start importing Assets/Prefabs/Villageois/Sylvie.prefab using Guid(53171e686c09f284a9c59ccbea853f9e) Importer(815301076,1909f56bfc062723c751e8b465ee728b)  -> (artifact id: 'e79827c53a4829fb692b583b7ecd411d') in 0.020655 seconds 
========================================================================
Received Import Request.
  Time since last request: 1.702713 seconds.
  path: Assets/Prefabs/Villageois/Sylvie.prefab
  artifactKey: Guid(53171e686c09f284a9c59ccbea853f9e) Importer(815301076,1909f56bfc062723c751e8b465ee728b)
Start importing Assets/Prefabs/Villageois/Sylvie.prefab using Guid(53171e686c09f284a9c59ccbea853f9e) Importer(815301076,1909f56bfc062723c751e8b465ee728b)  -> (artifact id: '23a0678c8b2d7e5504520591ee4eb8ed') in 0.020430 seconds 
========================================================================
Received Import Request.
  Time since last request: 13.942228 seconds.
  path: Assets/Prefabs/Villageois/Sylvie.prefab
  artifactKey: Guid(53171e686c09f284a9c59ccbea853f9e) Importer(815301076,1909f56bfc062723c751e8b465ee728b)
Start importing Assets/Prefabs/Villageois/Sylvie.prefab using Guid(53171e686c09f284a9c59ccbea853f9e) Importer(815301076,1909f56bfc062723c751e8b465ee728b)  -> (artifact id: '94cf105edaef5f6ae1ad98f3a214a308') in 0.021944 seconds 
========================================================================
Received Import Request.
  Time since last request: 5.589160 seconds.
  path: Assets/Prefabs/Villageois/Sylvie.prefab
  artifactKey: Guid(53171e686c09f284a9c59ccbea853f9e) Importer(815301076,1909f56bfc062723c751e8b465ee728b)
Start importing Assets/Prefabs/Villageois/Sylvie.prefab using Guid(53171e686c09f284a9c59ccbea853f9e) Importer(815301076,1909f56bfc062723c751e8b465ee728b)  -> (artifact id: '2488eddfa1a4abbdca2c9c9a60157ec5') in 0.025513 seconds 
========================================================================
Received Import Request.
  Time since last request: 4.274438 seconds.
  path: Assets/Prefabs/Villageois/Sylvie.prefab
  artifactKey: Guid(53171e686c09f284a9c59ccbea853f9e) Importer(815301076,1909f56bfc062723c751e8b465ee728b)
Start importing Assets/Prefabs/Villageois/Sylvie.prefab using Guid(53171e686c09f284a9c59ccbea853f9e) Importer(815301076,1909f56bfc062723c751e8b465ee728b)  -> (artifact id: '702b16a449cad31f3c1f5d382ca07d1c') in 0.020848 seconds 
========================================================================
Received Import Request.
  Time since last request: 4.705374 seconds.
  path: Assets/Prefabs/Villageois/Sylvie.prefab
  artifactKey: Guid(53171e686c09f284a9c59ccbea853f9e) Importer(815301076,1909f56bfc062723c751e8b465ee728b)
Start importing Assets/Prefabs/Villageois/Sylvie.prefab using Guid(53171e686c09f284a9c59ccbea853f9e) Importer(815301076,1909f56bfc062723c751e8b465ee728b)  -> (artifact id: '043bb867567a562080b9a47d691a5748') in 0.025693 seconds 
========================================================================
Received Import Request.
  Time since last request: 4.462173 seconds.
  path: Assets/Prefabs/Villageois/Sylvie.prefab
  artifactKey: Guid(53171e686c09f284a9c59ccbea853f9e) Importer(815301076,1909f56bfc062723c751e8b465ee728b)
Start importing Assets/Prefabs/Villageois/Sylvie.prefab using Guid(53171e686c09f284a9c59ccbea853f9e) Importer(815301076,1909f56bfc062723c751e8b465ee728b)  -> (artifact id: '822cd12487e8abc2697153bfba99d351') in 0.022471 seconds 
========================================================================
Received Import Request.
  Time since last request: 4.718705 seconds.
  path: Assets/Prefabs/Villageois/Sylvie.prefab
  artifactKey: Guid(53171e686c09f284a9c59ccbea853f9e) Importer(815301076,1909f56bfc062723c751e8b465ee728b)
Start importing Assets/Prefabs/Villageois/Sylvie.prefab using Guid(53171e686c09f284a9c59ccbea853f9e) Importer(815301076,1909f56bfc062723c751e8b465ee728b)  -> (artifact id: 'f776e199ac992ac194f8cbe00850fd8a') in 0.019200 seconds 
========================================================================
Received Import Request.
  Time since last request: 4.737590 seconds.
  path: Assets/Prefabs/Villageois/Sylvie.prefab
  artifactKey: Guid(53171e686c09f284a9c59ccbea853f9e) Importer(815301076,1909f56bfc062723c751e8b465ee728b)
Start importing Assets/Prefabs/Villageois/Sylvie.prefab using Guid(53171e686c09f284a9c59ccbea853f9e) Importer(815301076,1909f56bfc062723c751e8b465ee728b)  -> (artifact id: '5330c2846cd15cd75c2ca44bb0de5a9d') in 0.020281 seconds 
========================================================================
Received Import Request.
  Time since last request: 4.371034 seconds.
  path: Assets/Prefabs/Villageois/Sylvie.prefab
  artifactKey: Guid(53171e686c09f284a9c59ccbea853f9e) Importer(815301076,1909f56bfc062723c751e8b465ee728b)
Start importing Assets/Prefabs/Villageois/Sylvie.prefab using Guid(53171e686c09f284a9c59ccbea853f9e) Importer(815301076,1909f56bfc062723c751e8b465ee728b)  -> (artifact id: '7a1cf7b9cd5e475c84cbb1fd4ebb811b') in 0.019348 seconds 
========================================================================
Received Import Request.
  Time since last request: 6.433633 seconds.
  path: Assets/Prefabs/Villageois/Sylvie.prefab
  artifactKey: Guid(53171e686c09f284a9c59ccbea853f9e) Importer(815301076,1909f56bfc062723c751e8b465ee728b)
Start importing Assets/Prefabs/Villageois/Sylvie.prefab using Guid(53171e686c09f284a9c59ccbea853f9e) Importer(815301076,1909f56bfc062723c751e8b465ee728b)  -> (artifact id: 'ca92fff2595c3de4f01485ec4b0423bd') in 0.020078 seconds 
========================================================================
Received Import Request.
  Time since last request: 4.408970 seconds.
  path: Assets/Prefabs/Villageois/Sylvie.prefab
  artifactKey: Guid(53171e686c09f284a9c59ccbea853f9e) Importer(815301076,1909f56bfc062723c751e8b465ee728b)
Start importing Assets/Prefabs/Villageois/Sylvie.prefab using Guid(53171e686c09f284a9c59ccbea853f9e) Importer(815301076,1909f56bfc062723c751e8b465ee728b)  -> (artifact id: '2a11c9286539dab316b4e43740c85c82') in 0.021360 seconds 
========================================================================
Received Import Request.
  Time since last request: 6.245744 seconds.
  path: Assets/Prefabs/Villageois/Sylvie.prefab
  artifactKey: Guid(53171e686c09f284a9c59ccbea853f9e) Importer(815301076,1909f56bfc062723c751e8b465ee728b)
Start importing Assets/Prefabs/Villageois/Sylvie.prefab using Guid(53171e686c09f284a9c59ccbea853f9e) Importer(815301076,1909f56bfc062723c751e8b465ee728b)  -> (artifact id: '8b50556eecbd6411560bf3d3304cbe7d') in 0.020278 seconds 
========================================================================
Received Import Request.
  Time since last request: 2.044481 seconds.
  path: Assets/Prefabs/Villageois/Sylvie.prefab
  artifactKey: Guid(53171e686c09f284a9c59ccbea853f9e) Importer(815301076,1909f56bfc062723c751e8b465ee728b)
Start importing Assets/Prefabs/Villageois/Sylvie.prefab using Guid(53171e686c09f284a9c59ccbea853f9e) Importer(815301076,1909f56bfc062723c751e8b465ee728b)  -> (artifact id: '4d6fb7748e9da23953786b311da99b1f') in 0.025126 seconds 
========================================================================
Received Import Request.
  Time since last request: 2.033726 seconds.
  path: Assets/Prefabs/Villageois/Sylvie.prefab
  artifactKey: Guid(53171e686c09f284a9c59ccbea853f9e) Importer(815301076,1909f56bfc062723c751e8b465ee728b)
Start importing Assets/Prefabs/Villageois/Sylvie.prefab using Guid(53171e686c09f284a9c59ccbea853f9e) Importer(815301076,1909f56bfc062723c751e8b465ee728b)  -> (artifact id: '24a7e0cb1c5aae8fa9d32332833ed85c') in 0.021303 seconds 
========================================================================
Received Import Request.
  Time since last request: 2.575147 seconds.
  path: Assets/Prefabs/Villageois/Sylvie.prefab
  artifactKey: Guid(53171e686c09f284a9c59ccbea853f9e) Importer(815301076,1909f56bfc062723c751e8b465ee728b)
Start importing Assets/Prefabs/Villageois/Sylvie.prefab using Guid(53171e686c09f284a9c59ccbea853f9e) Importer(815301076,1909f56bfc062723c751e8b465ee728b)  -> (artifact id: 'ea76e2a232a501d1553e22ca0cff87f7') in 0.020055 seconds 
========================================================================
Received Import Request.
  Time since last request: 3.247303 seconds.
  path: Assets/Prefabs/Villageois/Sylvie.prefab
  artifactKey: Guid(53171e686c09f284a9c59ccbea853f9e) Importer(815301076,1909f56bfc062723c751e8b465ee728b)
Start importing Assets/Prefabs/Villageois/Sylvie.prefab using Guid(53171e686c09f284a9c59ccbea853f9e) Importer(815301076,1909f56bfc062723c751e8b465ee728b)  -> (artifact id: '2188b3855b184512dae745dec4f483df') in 0.020831 seconds 
========================================================================
Received Import Request.
  Time since last request: 10.928688 seconds.
  path: Assets/Prefabs/Villageois/Sylvie.prefab
  artifactKey: Guid(53171e686c09f284a9c59ccbea853f9e) Importer(815301076,1909f56bfc062723c751e8b465ee728b)
Start importing Assets/Prefabs/Villageois/Sylvie.prefab using Guid(53171e686c09f284a9c59ccbea853f9e) Importer(815301076,1909f56bfc062723c751e8b465ee728b)  -> (artifact id: 'dd060f9c2369e1f399b60efbd98e95c1') in 0.023431 seconds 
========================================================================
Received Import Request.
  Time since last request: 3.257062 seconds.
  path: Assets/Prefabs/Villageois/Sylvie.prefab
  artifactKey: Guid(53171e686c09f284a9c59ccbea853f9e) Importer(815301076,1909f56bfc062723c751e8b465ee728b)
Start importing Assets/Prefabs/Villageois/Sylvie.prefab using Guid(53171e686c09f284a9c59ccbea853f9e) Importer(815301076,1909f56bfc062723c751e8b465ee728b)  -> (artifact id: '21bcee19bcbde61cbb7e21edcb10d48b') in 0.025650 seconds 
========================================================================
Received Import Request.
  Time since last request: 2.784522 seconds.
  path: Assets/Prefabs/Villageois/Sylvie.prefab
  artifactKey: Guid(53171e686c09f284a9c59ccbea853f9e) Importer(815301076,1909f56bfc062723c751e8b465ee728b)
Start importing Assets/Prefabs/Villageois/Sylvie.prefab using Guid(53171e686c09f284a9c59ccbea853f9e) Importer(815301076,1909f56bfc062723c751e8b465ee728b)  -> (artifact id: 'e3221a5ec0811a5517ad78c5382f4bdc') in 0.023477 seconds 
========================================================================
Received Import Request.
  Time since last request: 2.830783 seconds.
  path: Assets/Prefabs/Villageois/Sylvie.prefab
  artifactKey: Guid(53171e686c09f284a9c59ccbea853f9e) Importer(815301076,1909f56bfc062723c751e8b465ee728b)
Start importing Assets/Prefabs/Villageois/Sylvie.prefab using Guid(53171e686c09f284a9c59ccbea853f9e) Importer(815301076,1909f56bfc062723c751e8b465ee728b)  -> (artifact id: '3ac0d041c5ad1310fcf71bc1c63902a5') in 0.022668 seconds 
========================================================================
Received Import Request.
  Time since last request: 7.559374 seconds.
  path: Assets/Prefabs/Villageois/Sylvie.prefab
  artifactKey: Guid(53171e686c09f284a9c59ccbea853f9e) Importer(815301076,1909f56bfc062723c751e8b465ee728b)
Start importing Assets/Prefabs/Villageois/Sylvie.prefab using Guid(53171e686c09f284a9c59ccbea853f9e) Importer(815301076,1909f56bfc062723c751e8b465ee728b)  -> (artifact id: '74b0ab27ea8a01acd4efb67982a10b99') in 0.021403 seconds 
========================================================================
Received Import Request.
  Time since last request: 17.949647 seconds.
  path: Assets/Prefabs/Villageois/Sylvie.prefab
  artifactKey: Guid(53171e686c09f284a9c59ccbea853f9e) Importer(815301076,1909f56bfc062723c751e8b465ee728b)
Start importing Assets/Prefabs/Villageois/Sylvie.prefab using Guid(53171e686c09f284a9c59ccbea853f9e) Importer(815301076,1909f56bfc062723c751e8b465ee728b)  -> (artifact id: '5b2085ff3a39a118056cf47afa7d10f0') in 0.023649 seconds 
========================================================================
Received Import Request.
  Time since last request: 1.195137 seconds.
  path: Assets/Prefabs/Villageois/Sylvie.prefab
  artifactKey: Guid(53171e686c09f284a9c59ccbea853f9e) Importer(815301076,1909f56bfc062723c751e8b465ee728b)
Start importing Assets/Prefabs/Villageois/Sylvie.prefab using Guid(53171e686c09f284a9c59ccbea853f9e) Importer(815301076,1909f56bfc062723c751e8b465ee728b)  -> (artifact id: '8e5dd84a9af061afec2473c7b2b863a9') in 0.019115 seconds 
========================================================================
Received Import Request.
  Time since last request: 7.524195 seconds.
  path: Assets/Prefabs/Villageois/Sylvie.prefab
  artifactKey: Guid(53171e686c09f284a9c59ccbea853f9e) Importer(815301076,1909f56bfc062723c751e8b465ee728b)
Start importing Assets/Prefabs/Villageois/Sylvie.prefab using Guid(53171e686c09f284a9c59ccbea853f9e) Importer(815301076,1909f56bfc062723c751e8b465ee728b)  -> (artifact id: '0e05849a09cdccbf418636a191ad44a7') in 0.021562 seconds 
========================================================================
Received Import Request.
  Time since last request: 7.443510 seconds.
  path: Assets/Prefabs/Villageois/Sylvie.prefab
  artifactKey: Guid(53171e686c09f284a9c59ccbea853f9e) Importer(815301076,1909f56bfc062723c751e8b465ee728b)
Start importing Assets/Prefabs/Villageois/Sylvie.prefab using Guid(53171e686c09f284a9c59ccbea853f9e) Importer(815301076,1909f56bfc062723c751e8b465ee728b)  -> (artifact id: 'd9a4e6c997621afc1f94c058d893ab15') in 0.022612 seconds 
========================================================================
Received Import Request.
  Time since last request: 13.312853 seconds.
  path: Assets/Prefabs/Villageois/Sylvie.prefab
  artifactKey: Guid(53171e686c09f284a9c59ccbea853f9e) Importer(815301076,1909f56bfc062723c751e8b465ee728b)
Start importing Assets/Prefabs/Villageois/Sylvie.prefab using Guid(53171e686c09f284a9c59ccbea853f9e) Importer(815301076,1909f56bfc062723c751e8b465ee728b)  -> (artifact id: 'da18ba37e07f7868b0d564a8f7425ed7') in 0.022390 seconds 
========================================================================
Received Import Request.
  Time since last request: 1.417733 seconds.
  path: Assets/Prefabs/Villageois/Sylvie.prefab
  artifactKey: Guid(53171e686c09f284a9c59ccbea853f9e) Importer(815301076,1909f56bfc062723c751e8b465ee728b)
Start importing Assets/Prefabs/Villageois/Sylvie.prefab using Guid(53171e686c09f284a9c59ccbea853f9e) Importer(815301076,1909f56bfc062723c751e8b465ee728b)  -> (artifact id: '3fb9750b5412d9ad2220d1a50bf88b03') in 0.019458 seconds 
========================================================================
Received Prepare
Registering precompiled user dll's ...
Registered in 0.005242 seconds.
Begin MonoManager ReloadAssembly
Symbol file LoadedFromMemory doesn't match image F:\licence\PFE\médecin_files\Médecin\Library\PackageCache\com.unity.visualscripting@1.6.1\Editor\VisualScripting.Core\Dependencies\YamlDotNet\Unity.VisualScripting.YamlDotNet.dll
Symbol file LoadedFromMemory doesn't match image F:\licence\PFE\médecin_files\Médecin\Library\PackageCache\com.unity.visualscripting@1.6.1\Editor\VisualScripting.Core\Dependencies\DotNetZip\Unity.VisualScripting.IonicZip.dll
Native extension for WindowsStandalone target not found
Native extension for WebGL target not found
Refreshing native plugins compatible for Editor in 0.90 ms, found 4 plugins.
Preloading 0 native plugins for Editor in 0.00 ms.
Mono: successfully reloaded assembly
- Completed reload, in  1.368 seconds
Domain Reload Profiling:
	ReloadAssembly (1369ms)
		BeginReloadAssembly (116ms)
			ExecutionOrderSort (0ms)
			DisableScriptedObjects (8ms)
			BackupInstance (0ms)
			ReleaseScriptingObjects (0ms)
			CreateAndSetChildDomain (39ms)
		EndReloadAssembly (1164ms)
			LoadAssemblies (108ms)
			RebuildTransferFunctionScriptingTraits (0ms)
			SetupTypeCache (460ms)
			ReleaseScriptCaches (1ms)
			RebuildScriptCaches (60ms)
			SetupLoadedEditorAssemblies (379ms)
				LogAssemblyErrors (0ms)
				InitializePlatformSupportModulesInManaged (6ms)
				SetLoadedEditorAssemblies (1ms)
				RefreshPlugins (1ms)
				BeforeProcessingInitializeOnLoad (73ms)
				ProcessInitializeOnLoadAttributes (284ms)
				ProcessInitializeOnLoadMethodAttributes (10ms)
				AfterProcessingInitializeOnLoad (3ms)
				EditorAssembliesLoaded (0ms)
			ExecutionOrderSort2 (0ms)
			AwakeInstancesAfterBackupRestoration (13ms)
Platform modules already initialized, skipping
Refreshing native plugins compatible for Editor in 1.23 ms, found 4 plugins.
Preloading 0 native plugins for Editor in 0.00 ms.
Unloading 3673 Unused Serialized files (Serialized files now loaded: 0)
System memory in use before: 140.8 MB.
System memory in use after: 141.0 MB.

Unloading 24 unused Assets to reduce memory usage. Loaded Objects now: 4142.
Total: 3.253266 ms (FindLiveObjects: 0.317539 ms CreateObjectMapping: 0.155147 ms MarkObjects: 2.686405 ms  DeleteObjects: 0.092364 ms)

AssetImportParameters requested are different than current active one (requested -> active):
  custom:framework-win-MediaFoundation: 216162199b28c13a410421893ffa2e32 -> 
  custom:video-decoder-ogg-theora: a1e56fd34408186e4bbccfd4996cb3dc -> 
  custom:container-muxer-webm: aa71ff27fc2769a1b78a27578f13a17b -> 
  custom:container-demuxer-webm: 4f35f7cbe854078d1ac9338744f61a02 -> 
  custom:container-demuxer-ogg: 62fdf1f143b41e24485cea50d1cbac27 -> 
  custom:video-encoder-webm-vp8: eb34c28f22e8b96e1ab97ce403110664 -> 
  custom:video-decoder-webm-vp8: 9c59270c3fd7afecdb556c50c9e8de78 -> 
  custom:audio-decoder-ogg-vorbis: bf7c407c2cedff20999df2af8eb42d56 -> 
  custom:audio-encoder-webm-vorbis: bf7c407c2cedff20999df2af8eb42d56 -> 
========================================================================
Received Prepare
Registering precompiled user dll's ...
Registered in 0.005043 seconds.
Begin MonoManager ReloadAssembly
Symbol file LoadedFromMemory doesn't match image F:\licence\PFE\médecin_files\Médecin\Library\PackageCache\com.unity.visualscripting@1.6.1\Editor\VisualScripting.Core\Dependencies\YamlDotNet\Unity.VisualScripting.YamlDotNet.dll
Symbol file LoadedFromMemory doesn't match image F:\licence\PFE\médecin_files\Médecin\Library\PackageCache\com.unity.visualscripting@1.6.1\Editor\VisualScripting.Core\Dependencies\DotNetZip\Unity.VisualScripting.IonicZip.dll
Native extension for WindowsStandalone target not found
Native extension for WebGL target not found
Refreshing native plugins compatible for Editor in 0.82 ms, found 4 plugins.
Preloading 0 native plugins for Editor in 0.00 ms.
Mono: successfully reloaded assembly
- Completed reload, in  1.320 seconds
Domain Reload Profiling:
	ReloadAssembly (1321ms)
		BeginReloadAssembly (107ms)
			ExecutionOrderSort (0ms)
			DisableScriptedObjects (8ms)
			BackupInstance (0ms)
			ReleaseScriptingObjects (0ms)
			CreateAndSetChildDomain (34ms)
		EndReloadAssembly (1136ms)
			LoadAssemblies (102ms)
			RebuildTransferFunctionScriptingTraits (0ms)
			SetupTypeCache (451ms)
			ReleaseScriptCaches (1ms)
			RebuildScriptCaches (63ms)
			SetupLoadedEditorAssemblies (384ms)
				LogAssemblyErrors (0ms)
				InitializePlatformSupportModulesInManaged (6ms)
				SetLoadedEditorAssemblies (0ms)
				RefreshPlugins (1ms)
				BeforeProcessingInitializeOnLoad (70ms)
				ProcessInitializeOnLoadAttributes (294ms)
				ProcessInitializeOnLoadMethodAttributes (10ms)
				AfterProcessingInitializeOnLoad (2ms)
				EditorAssembliesLoaded (0ms)
			ExecutionOrderSort2 (0ms)
			AwakeInstancesAfterBackupRestoration (15ms)
Platform modules already initialized, skipping
Refreshing native plugins compatible for Editor in 0.80 ms, found 4 plugins.
Preloading 0 native plugins for Editor in 0.00 ms.
Unloading 3673 Unused Serialized files (Serialized files now loaded: 0)
System memory in use before: 140.8 MB.
System memory in use after: 141.0 MB.

Unloading 24 unused Assets to reduce memory usage. Loaded Objects now: 4146.
Total: 2.936935 ms (FindLiveObjects: 0.279205 ms CreateObjectMapping: 0.164505 ms MarkObjects: 2.406898 ms  DeleteObjects: 0.085422 ms)

AssetImportParameters requested are different than current active one (requested -> active):
  custom:framework-win-MediaFoundation: 216162199b28c13a410421893ffa2e32 -> 
  custom:video-decoder-ogg-theora: a1e56fd34408186e4bbccfd4996cb3dc -> 
  custom:container-muxer-webm: aa71ff27fc2769a1b78a27578f13a17b -> 
  custom:container-demuxer-webm: 4f35f7cbe854078d1ac9338744f61a02 -> 
  custom:container-demuxer-ogg: 62fdf1f143b41e24485cea50d1cbac27 -> 
  custom:video-encoder-webm-vp8: eb34c28f22e8b96e1ab97ce403110664 -> 
  custom:video-decoder-webm-vp8: 9c59270c3fd7afecdb556c50c9e8de78 -> 
  custom:audio-decoder-ogg-vorbis: bf7c407c2cedff20999df2af8eb42d56 -> 
  custom:audio-encoder-webm-vorbis: bf7c407c2cedff20999df2af8eb42d56 -> 
========================================================================
Received Prepare
Registering precompiled user dll's ...
Registered in 0.005721 seconds.
Begin MonoManager ReloadAssembly
Symbol file LoadedFromMemory doesn't match image F:\licence\PFE\médecin_files\Médecin\Library\PackageCache\com.unity.visualscripting@1.6.1\Editor\VisualScripting.Core\Dependencies\YamlDotNet\Unity.VisualScripting.YamlDotNet.dll
Symbol file LoadedFromMemory doesn't match image F:\licence\PFE\médecin_files\Médecin\Library\PackageCache\com.unity.visualscripting@1.6.1\Editor\VisualScripting.Core\Dependencies\DotNetZip\Unity.VisualScripting.IonicZip.dll
Native extension for WindowsStandalone target not found
Native extension for WebGL target not found
Refreshing native plugins compatible for Editor in 0.82 ms, found 4 plugins.
Preloading 0 native plugins for Editor in 0.00 ms.
Mono: successfully reloaded assembly
- Completed reload, in  1.370 seconds
Domain Reload Profiling:
	ReloadAssembly (1370ms)
		BeginReloadAssembly (118ms)
			ExecutionOrderSort (0ms)
			DisableScriptedObjects (8ms)
			BackupInstance (0ms)
			ReleaseScriptingObjects (0ms)
			CreateAndSetChildDomain (39ms)
		EndReloadAssembly (1175ms)
			LoadAssemblies (115ms)
			RebuildTransferFunctionScriptingTraits (0ms)
			SetupTypeCache (447ms)
			ReleaseScriptCaches (2ms)
			RebuildScriptCaches (67ms)
			SetupLoadedEditorAssemblies (401ms)
				LogAssemblyErrors (0ms)
				InitializePlatformSupportModulesInManaged (7ms)
				SetLoadedEditorAssemblies (1ms)
				RefreshPlugins (1ms)
				BeforeProcessingInitializeOnLoad (73ms)
				ProcessInitializeOnLoadAttributes (307ms)
				ProcessInitializeOnLoadMethodAttributes (10ms)
				AfterProcessingInitializeOnLoad (2ms)
				EditorAssembliesLoaded (0ms)
			ExecutionOrderSort2 (0ms)
			AwakeInstancesAfterBackupRestoration (12ms)
Platform modules already initialized, skipping
Refreshing native plugins compatible for Editor in 0.79 ms, found 4 plugins.
Preloading 0 native plugins for Editor in 0.00 ms.
Unloading 3673 Unused Serialized files (Serialized files now loaded: 0)
System memory in use before: 140.9 MB.
System memory in use after: 141.0 MB.

Unloading 24 unused Assets to reduce memory usage. Loaded Objects now: 4150.
Total: 2.948707 ms (FindLiveObjects: 0.272564 ms CreateObjectMapping: 0.153035 ms MarkObjects: 2.430744 ms  DeleteObjects: 0.091157 ms)

AssetImportParameters requested are different than current active one (requested -> active):
  custom:framework-win-MediaFoundation: 216162199b28c13a410421893ffa2e32 -> 
  custom:video-decoder-ogg-theora: a1e56fd34408186e4bbccfd4996cb3dc -> 
  custom:container-muxer-webm: aa71ff27fc2769a1b78a27578f13a17b -> 
  custom:container-demuxer-webm: 4f35f7cbe854078d1ac9338744f61a02 -> 
  custom:container-demuxer-ogg: 62fdf1f143b41e24485cea50d1cbac27 -> 
  custom:video-encoder-webm-vp8: eb34c28f22e8b96e1ab97ce403110664 -> 
  custom:video-decoder-webm-vp8: 9c59270c3fd7afecdb556c50c9e8de78 -> 
  custom:audio-decoder-ogg-vorbis: bf7c407c2cedff20999df2af8eb42d56 -> 
  custom:audio-encoder-webm-vorbis: bf7c407c2cedff20999df2af8eb42d56 -> 
========================================================================
Received Prepare
Registering precompiled user dll's ...
Registered in 0.005438 seconds.
Begin MonoManager ReloadAssembly
Symbol file LoadedFromMemory doesn't match image F:\licence\PFE\médecin_files\Médecin\Library\PackageCache\com.unity.visualscripting@1.6.1\Editor\VisualScripting.Core\Dependencies\YamlDotNet\Unity.VisualScripting.YamlDotNet.dll
Symbol file LoadedFromMemory doesn't match image F:\licence\PFE\médecin_files\Médecin\Library\PackageCache\com.unity.visualscripting@1.6.1\Editor\VisualScripting.Core\Dependencies\DotNetZip\Unity.VisualScripting.IonicZip.dll
Native extension for WindowsStandalone target not found
Native extension for WebGL target not found
Refreshing native plugins compatible for Editor in 1.01 ms, found 4 plugins.
Preloading 0 native plugins for Editor in 0.00 ms.
Mono: successfully reloaded assembly
- Completed reload, in  1.277 seconds
Domain Reload Profiling:
	ReloadAssembly (1277ms)
		BeginReloadAssembly (118ms)
			ExecutionOrderSort (0ms)
			DisableScriptedObjects (7ms)
			BackupInstance (0ms)
			ReleaseScriptingObjects (0ms)
			CreateAndSetChildDomain (37ms)
		EndReloadAssembly (1093ms)
			LoadAssemblies (106ms)
			RebuildTransferFunctionScriptingTraits (0ms)
			SetupTypeCache (423ms)
			ReleaseScriptCaches (2ms)
			RebuildScriptCaches (59ms)
			SetupLoadedEditorAssemblies (366ms)
				LogAssemblyErrors (0ms)
				InitializePlatformSupportModulesInManaged (7ms)
				SetLoadedEditorAssemblies (1ms)
				RefreshPlugins (1ms)
				BeforeProcessingInitializeOnLoad (72ms)
				ProcessInitializeOnLoadAttributes (272ms)
				ProcessInitializeOnLoadMethodAttributes (11ms)
				AfterProcessingInitializeOnLoad (2ms)
				EditorAssembliesLoaded (0ms)
			ExecutionOrderSort2 (0ms)
			AwakeInstancesAfterBackupRestoration (13ms)
Platform modules already initialized, skipping
Refreshing native plugins compatible for Editor in 0.87 ms, found 4 plugins.
Preloading 0 native plugins for Editor in 0.00 ms.
Unloading 3673 Unused Serialized files (Serialized files now loaded: 0)
System memory in use before: 140.9 MB.
System memory in use after: 141.0 MB.

Unloading 24 unused Assets to reduce memory usage. Loaded Objects now: 4154.
Total: 2.892564 ms (FindLiveObjects: 0.276187 ms CreateObjectMapping: 0.148809 ms MarkObjects: 2.380638 ms  DeleteObjects: 0.085120 ms)

AssetImportParameters requested are different than current active one (requested -> active):
  custom:framework-win-MediaFoundation: 216162199b28c13a410421893ffa2e32 -> 
  custom:video-decoder-ogg-theora: a1e56fd34408186e4bbccfd4996cb3dc -> 
  custom:container-muxer-webm: aa71ff27fc2769a1b78a27578f13a17b -> 
  custom:container-demuxer-webm: 4f35f7cbe854078d1ac9338744f61a02 -> 
  custom:container-demuxer-ogg: 62fdf1f143b41e24485cea50d1cbac27 -> 
  custom:video-encoder-webm-vp8: eb34c28f22e8b96e1ab97ce403110664 -> 
  custom:video-decoder-webm-vp8: 9c59270c3fd7afecdb556c50c9e8de78 -> 
  custom:audio-decoder-ogg-vorbis: bf7c407c2cedff20999df2af8eb42d56 -> 
  custom:audio-encoder-webm-vorbis: bf7c407c2cedff20999df2af8eb42d56 -> 
========================================================================
Received Prepare
Registering precompiled user dll's ...
Registered in 0.005212 seconds.
Begin MonoManager ReloadAssembly
Symbol file LoadedFromMemory doesn't match image F:\licence\PFE\médecin_files\Médecin\Library\PackageCache\com.unity.visualscripting@1.6.1\Editor\VisualScripting.Core\Dependencies\YamlDotNet\Unity.VisualScripting.YamlDotNet.dll
Symbol file LoadedFromMemory doesn't match image F:\licence\PFE\médecin_files\Médecin\Library\PackageCache\com.unity.visualscripting@1.6.1\Editor\VisualScripting.Core\Dependencies\DotNetZip\Unity.VisualScripting.IonicZip.dll
Native extension for WindowsStandalone target not found
Native extension for WebGL target not found
Refreshing native plugins compatible for Editor in 0.82 ms, found 4 plugins.
Preloading 0 native plugins for Editor in 0.00 ms.
Mono: successfully reloaded assembly
- Completed reload, in  1.429 seconds
Domain Reload Profiling:
	ReloadAssembly (1430ms)
		BeginReloadAssembly (120ms)
			ExecutionOrderSort (0ms)
			DisableScriptedObjects (8ms)
			BackupInstance (0ms)
			ReleaseScriptingObjects (0ms)
			CreateAndSetChildDomain (37ms)
		EndReloadAssembly (1237ms)
			LoadAssemblies (100ms)
			RebuildTransferFunctionScriptingTraits (0ms)
			SetupTypeCache (502ms)
			ReleaseScriptCaches (2ms)
			RebuildScriptCaches (66ms)
			SetupLoadedEditorAssemblies (423ms)
				LogAssemblyErrors (0ms)
				InitializePlatformSupportModulesInManaged (7ms)
				SetLoadedEditorAssemblies (1ms)
				RefreshPlugins (1ms)
				BeforeProcessingInitializeOnLoad (86ms)
				ProcessInitializeOnLoadAttributes (314ms)
				ProcessInitializeOnLoadMethodAttributes (12ms)
				AfterProcessingInitializeOnLoad (3ms)
				EditorAssembliesLoaded (0ms)
			ExecutionOrderSort2 (0ms)
			AwakeInstancesAfterBackupRestoration (15ms)
Platform modules already initialized, skipping
Refreshing native plugins compatible for Editor in 0.80 ms, found 4 plugins.
Preloading 0 native plugins for Editor in 0.00 ms.
Unloading 3673 Unused Serialized files (Serialized files now loaded: 0)
System memory in use before: 140.9 MB.
System memory in use after: 141.0 MB.

Unloading 24 unused Assets to reduce memory usage. Loaded Objects now: 4158.
Total: 2.769714 ms (FindLiveObjects: 0.268640 ms CreateObjectMapping: 0.150016 ms MarkObjects: 2.261108 ms  DeleteObjects: 0.088138 ms)

AssetImportParameters requested are different than current active one (requested -> active):
  custom:framework-win-MediaFoundation: 216162199b28c13a410421893ffa2e32 -> 
  custom:video-decoder-ogg-theora: a1e56fd34408186e4bbccfd4996cb3dc -> 
  custom:container-muxer-webm: aa71ff27fc2769a1b78a27578f13a17b -> 
  custom:container-demuxer-webm: 4f35f7cbe854078d1ac9338744f61a02 -> 
  custom:container-demuxer-ogg: 62fdf1f143b41e24485cea50d1cbac27 -> 
  custom:video-encoder-webm-vp8: eb34c28f22e8b96e1ab97ce403110664 -> 
  custom:video-decoder-webm-vp8: 9c59270c3fd7afecdb556c50c9e8de78 -> 
  custom:audio-decoder-ogg-vorbis: bf7c407c2cedff20999df2af8eb42d56 -> 
  custom:audio-encoder-webm-vorbis: bf7c407c2cedff20999df2af8eb42d56 -> 
========================================================================
Received Prepare
Registering precompiled user dll's ...
Registered in 0.005048 seconds.
Begin MonoManager ReloadAssembly
Symbol file LoadedFromMemory doesn't match image F:\licence\PFE\médecin_files\Médecin\Library\PackageCache\com.unity.visualscripting@1.6.1\Editor\VisualScripting.Core\Dependencies\YamlDotNet\Unity.VisualScripting.YamlDotNet.dll
Symbol file LoadedFromMemory doesn't match image F:\licence\PFE\médecin_files\Médecin\Library\PackageCache\com.unity.visualscripting@1.6.1\Editor\VisualScripting.Core\Dependencies\DotNetZip\Unity.VisualScripting.IonicZip.dll
Native extension for WindowsStandalone target not found
Native extension for WebGL target not found
Refreshing native plugins compatible for Editor in 0.82 ms, found 4 plugins.
Preloading 0 native plugins for Editor in 0.00 ms.
Mono: successfully reloaded assembly
- Completed reload, in  1.288 seconds
Domain Reload Profiling:
	ReloadAssembly (1288ms)
		BeginReloadAssembly (114ms)
			ExecutionOrderSort (0ms)
			DisableScriptedObjects (9ms)
			BackupInstance (0ms)
			ReleaseScriptingObjects (0ms)
			CreateAndSetChildDomain (37ms)
		EndReloadAssembly (1109ms)
			LoadAssemblies (106ms)
			RebuildTransferFunctionScriptingTraits (0ms)
			SetupTypeCache (434ms)
			ReleaseScriptCaches (1ms)
			RebuildScriptCaches (63ms)
			SetupLoadedEditorAssemblies (370ms)
				LogAssemblyErrors (0ms)
				InitializePlatformSupportModulesInManaged (6ms)
				SetLoadedEditorAssemblies (0ms)
				RefreshPlugins (1ms)
				BeforeProcessingInitializeOnLoad (69ms)
				ProcessInitializeOnLoadAttributes (280ms)
				ProcessInitializeOnLoadMethodAttributes (11ms)
				AfterProcessingInitializeOnLoad (2ms)
				EditorAssembliesLoaded (0ms)
			ExecutionOrderSort2 (0ms)
			AwakeInstancesAfterBackupRestoration (13ms)
Platform modules already initialized, skipping
Refreshing native plugins compatible for Editor in 0.80 ms, found 4 plugins.
Preloading 0 native plugins for Editor in 0.00 ms.
Unloading 3673 Unused Serialized files (Serialized files now loaded: 0)
System memory in use before: 140.9 MB.
System memory in use after: 141.0 MB.

Unloading 24 unused Assets to reduce memory usage. Loaded Objects now: 4162.
Total: 2.935727 ms (FindLiveObjects: 0.265924 ms CreateObjectMapping: 0.172352 ms MarkObjects: 2.409615 ms  DeleteObjects: 0.086931 ms)

AssetImportParameters requested are different than current active one (requested -> active):
  custom:framework-win-MediaFoundation: 216162199b28c13a410421893ffa2e32 -> 
  custom:video-decoder-ogg-theora: a1e56fd34408186e4bbccfd4996cb3dc -> 
  custom:container-muxer-webm: aa71ff27fc2769a1b78a27578f13a17b -> 
  custom:container-demuxer-webm: 4f35f7cbe854078d1ac9338744f61a02 -> 
  custom:container-demuxer-ogg: 62fdf1f143b41e24485cea50d1cbac27 -> 
  custom:video-encoder-webm-vp8: eb34c28f22e8b96e1ab97ce403110664 -> 
  custom:video-decoder-webm-vp8: 9c59270c3fd7afecdb556c50c9e8de78 -> 
  custom:audio-decoder-ogg-vorbis: bf7c407c2cedff20999df2af8eb42d56 -> 
  custom:audio-encoder-webm-vorbis: bf7c407c2cedff20999df2af8eb42d56 -> 
========================================================================
Received Prepare
Registering precompiled user dll's ...
Registered in 0.004901 seconds.
Begin MonoManager ReloadAssembly
Symbol file LoadedFromMemory doesn't match image F:\licence\PFE\médecin_files\Médecin\Library\PackageCache\com.unity.visualscripting@1.6.1\Editor\VisualScripting.Core\Dependencies\YamlDotNet\Unity.VisualScripting.YamlDotNet.dll
Symbol file LoadedFromMemory doesn't match image F:\licence\PFE\médecin_files\Médecin\Library\PackageCache\com.unity.visualscripting@1.6.1\Editor\VisualScripting.Core\Dependencies\DotNetZip\Unity.VisualScripting.IonicZip.dll
Native extension for WindowsStandalone target not found
Native extension for WebGL target not found
Refreshing native plugins compatible for Editor in 0.86 ms, found 4 plugins.
Preloading 0 native plugins for Editor in 0.00 ms.
Mono: successfully reloaded assembly
- Completed reload, in  1.273 seconds
Domain Reload Profiling:
	ReloadAssembly (1273ms)
		BeginReloadAssembly (122ms)
			ExecutionOrderSort (0ms)
			DisableScriptedObjects (8ms)
			BackupInstance (0ms)
			ReleaseScriptingObjects (0ms)
			CreateAndSetChildDomain (39ms)
		EndReloadAssembly (1084ms)
			LoadAssemblies (104ms)
			RebuildTransferFunctionScriptingTraits (0ms)
			SetupTypeCache (423ms)
			ReleaseScriptCaches (1ms)
			RebuildScriptCaches (61ms)
			SetupLoadedEditorAssemblies (367ms)
				LogAssemblyErrors (0ms)
				InitializePlatformSupportModulesInManaged (7ms)
				SetLoadedEditorAssemblies (1ms)
				RefreshPlugins (1ms)
				BeforeProcessingInitializeOnLoad (69ms)
				ProcessInitializeOnLoadAttributes (277ms)
				ProcessInitializeOnLoadMethodAttributes (11ms)
				AfterProcessingInitializeOnLoad (2ms)
				EditorAssembliesLoaded (0ms)
			ExecutionOrderSort2 (0ms)
			AwakeInstancesAfterBackupRestoration (13ms)
Platform modules already initialized, skipping
Refreshing native plugins compatible for Editor in 0.81 ms, found 4 plugins.
Preloading 0 native plugins for Editor in 0.00 ms.
Unloading 3673 Unused Serialized files (Serialized files now loaded: 0)
System memory in use before: 140.9 MB.
System memory in use after: 141.0 MB.

Unloading 24 unused Assets to reduce memory usage. Loaded Objects now: 4166.
Total: 2.846684 ms (FindLiveObjects: 0.278299 ms CreateObjectMapping: 0.153336 ms MarkObjects: 2.327815 ms  DeleteObjects: 0.086025 ms)

AssetImportParameters requested are different than current active one (requested -> active):
  custom:framework-win-MediaFoundation: 216162199b28c13a410421893ffa2e32 -> 
  custom:video-decoder-ogg-theora: a1e56fd34408186e4bbccfd4996cb3dc -> 
  custom:container-muxer-webm: aa71ff27fc2769a1b78a27578f13a17b -> 
  custom:container-demuxer-webm: 4f35f7cbe854078d1ac9338744f61a02 -> 
  custom:container-demuxer-ogg: 62fdf1f143b41e24485cea50d1cbac27 -> 
  custom:video-encoder-webm-vp8: eb34c28f22e8b96e1ab97ce403110664 -> 
  custom:video-decoder-webm-vp8: 9c59270c3fd7afecdb556c50c9e8de78 -> 
  custom:audio-decoder-ogg-vorbis: bf7c407c2cedff20999df2af8eb42d56 -> 
  custom:audio-encoder-webm-vorbis: bf7c407c2cedff20999df2af8eb42d56 -> 
========================================================================
Received Prepare
Registering precompiled user dll's ...
Registered in 0.004769 seconds.
Begin MonoManager ReloadAssembly
Symbol file LoadedFromMemory doesn't match image F:\licence\PFE\médecin_files\Médecin\Library\PackageCache\com.unity.visualscripting@1.6.1\Editor\VisualScripting.Core\Dependencies\YamlDotNet\Unity.VisualScripting.YamlDotNet.dll
Symbol file LoadedFromMemory doesn't match image F:\licence\PFE\médecin_files\Médecin\Library\PackageCache\com.unity.visualscripting@1.6.1\Editor\VisualScripting.Core\Dependencies\DotNetZip\Unity.VisualScripting.IonicZip.dll
Native extension for WindowsStandalone target not found
Native extension for WebGL target not found
Refreshing native plugins compatible for Editor in 0.92 ms, found 4 plugins.
Preloading 0 native plugins for Editor in 0.00 ms.
Mono: successfully reloaded assembly
- Completed reload, in  1.307 seconds
Domain Reload Profiling:
	ReloadAssembly (1307ms)
		BeginReloadAssembly (121ms)
			ExecutionOrderSort (0ms)
			DisableScriptedObjects (8ms)
			BackupInstance (0ms)
			ReleaseScriptingObjects (0ms)
			CreateAndSetChildDomain (41ms)
		EndReloadAssembly (1121ms)
			LoadAssemblies (107ms)
			RebuildTransferFunctionScriptingTraits (0ms)
			SetupTypeCache (436ms)
			ReleaseScriptCaches (2ms)
			RebuildScriptCaches (74ms)
			SetupLoadedEditorAssemblies (375ms)
				LogAssemblyErrors (0ms)
				InitializePlatformSupportModulesInManaged (6ms)
				SetLoadedEditorAssemblies (1ms)
				RefreshPlugins (1ms)
				BeforeProcessingInitializeOnLoad (73ms)
				ProcessInitializeOnLoadAttributes (282ms)
				ProcessInitializeOnLoadMethodAttributes (11ms)
				AfterProcessingInitializeOnLoad (2ms)
				EditorAssembliesLoaded (0ms)
			ExecutionOrderSort2 (0ms)
			AwakeInstancesAfterBackupRestoration (12ms)
Platform modules already initialized, skipping
Refreshing native plugins compatible for Editor in 0.83 ms, found 4 plugins.
Preloading 0 native plugins for Editor in 0.00 ms.
Unloading 3673 Unused Serialized files (Serialized files now loaded: 0)
System memory in use before: 140.9 MB.
System memory in use after: 141.1 MB.

Unloading 24 unused Assets to reduce memory usage. Loaded Objects now: 4170.
Total: 3.131624 ms (FindLiveObjects: 0.420769 ms CreateObjectMapping: 0.171145 ms MarkObjects: 2.441308 ms  DeleteObjects: 0.096590 ms)

AssetImportParameters requested are different than current active one (requested -> active):
  custom:framework-win-MediaFoundation: 216162199b28c13a410421893ffa2e32 -> 
  custom:video-decoder-ogg-theora: a1e56fd34408186e4bbccfd4996cb3dc -> 
  custom:container-muxer-webm: aa71ff27fc2769a1b78a27578f13a17b -> 
  custom:container-demuxer-webm: 4f35f7cbe854078d1ac9338744f61a02 -> 
  custom:container-demuxer-ogg: 62fdf1f143b41e24485cea50d1cbac27 -> 
  custom:video-encoder-webm-vp8: eb34c28f22e8b96e1ab97ce403110664 -> 
  custom:video-decoder-webm-vp8: 9c59270c3fd7afecdb556c50c9e8de78 -> 
  custom:audio-decoder-ogg-vorbis: bf7c407c2cedff20999df2af8eb42d56 -> 
  custom:audio-encoder-webm-vorbis: bf7c407c2cedff20999df2af8eb42d56 -> 
========================================================================
Received Prepare
Registering precompiled user dll's ...
Registered in 0.006150 seconds.
Begin MonoManager ReloadAssembly
Symbol file LoadedFromMemory doesn't match image F:\licence\PFE\médecin_files\Médecin\Library\PackageCache\com.unity.visualscripting@1.6.1\Editor\VisualScripting.Core\Dependencies\YamlDotNet\Unity.VisualScripting.YamlDotNet.dll
Symbol file LoadedFromMemory doesn't match image F:\licence\PFE\médecin_files\Médecin\Library\PackageCache\com.unity.visualscripting@1.6.1\Editor\VisualScripting.Core\Dependencies\DotNetZip\Unity.VisualScripting.IonicZip.dll
Native extension for WindowsStandalone target not found
Native extension for WebGL target not found
Refreshing native plugins compatible for Editor in 0.81 ms, found 4 plugins.
Preloading 0 native plugins for Editor in 0.00 ms.
Mono: successfully reloaded assembly
- Completed reload, in  1.364 seconds
Domain Reload Profiling:
	ReloadAssembly (1365ms)
		BeginReloadAssembly (123ms)
			ExecutionOrderSort (0ms)
			DisableScriptedObjects (8ms)
			BackupInstance (0ms)
			ReleaseScriptingObjects (0ms)
			CreateAndSetChildDomain (47ms)
		EndReloadAssembly (1176ms)
			LoadAssemblies (114ms)
			RebuildTransferFunctionScriptingTraits (0ms)
			SetupTypeCache (450ms)
			ReleaseScriptCaches (2ms)
			RebuildScriptCaches (60ms)
			SetupLoadedEditorAssemblies (399ms)
				LogAssemblyErrors (0ms)
				InitializePlatformSupportModulesInManaged (6ms)
				SetLoadedEditorAssemblies (1ms)
				RefreshPlugins (1ms)
				BeforeProcessingInitializeOnLoad (72ms)
				ProcessInitializeOnLoadAttributes (303ms)
				ProcessInitializeOnLoadMethodAttributes (14ms)
				AfterProcessingInitializeOnLoad (2ms)
				EditorAssembliesLoaded (0ms)
			ExecutionOrderSort2 (0ms)
			AwakeInstancesAfterBackupRestoration (13ms)
Platform modules already initialized, skipping
Refreshing native plugins compatible for Editor in 1.24 ms, found 4 plugins.
Preloading 0 native plugins for Editor in 0.00 ms.
Unloading 3673 Unused Serialized files (Serialized files now loaded: 0)
System memory in use before: 140.9 MB.
System memory in use after: 141.1 MB.

Unloading 24 unused Assets to reduce memory usage. Loaded Objects now: 4174.
Total: 3.954448 ms (FindLiveObjects: 0.444615 ms CreateObjectMapping: 0.176276 ms MarkObjects: 3.171165 ms  DeleteObjects: 0.160581 ms)

AssetImportParameters requested are different than current active one (requested -> active):
  custom:framework-win-MediaFoundation: 216162199b28c13a410421893ffa2e32 -> 
  custom:video-decoder-ogg-theora: a1e56fd34408186e4bbccfd4996cb3dc -> 
  custom:container-muxer-webm: aa71ff27fc2769a1b78a27578f13a17b -> 
  custom:container-demuxer-webm: 4f35f7cbe854078d1ac9338744f61a02 -> 
  custom:container-demuxer-ogg: 62fdf1f143b41e24485cea50d1cbac27 -> 
  custom:video-encoder-webm-vp8: eb34c28f22e8b96e1ab97ce403110664 -> 
  custom:video-decoder-webm-vp8: 9c59270c3fd7afecdb556c50c9e8de78 -> 
  custom:audio-decoder-ogg-vorbis: bf7c407c2cedff20999df2af8eb42d56 -> 
  custom:audio-encoder-webm-vorbis: bf7c407c2cedff20999df2af8eb42d56 -> 
========================================================================
Received Prepare
Registering precompiled user dll's ...
Registered in 0.004871 seconds.
Begin MonoManager ReloadAssembly
Symbol file LoadedFromMemory doesn't match image F:\licence\PFE\médecin_files\Médecin\Library\PackageCache\com.unity.visualscripting@1.6.1\Editor\VisualScripting.Core\Dependencies\YamlDotNet\Unity.VisualScripting.YamlDotNet.dll
Symbol file LoadedFromMemory doesn't match image F:\licence\PFE\médecin_files\Médecin\Library\PackageCache\com.unity.visualscripting@1.6.1\Editor\VisualScripting.Core\Dependencies\DotNetZip\Unity.VisualScripting.IonicZip.dll
Native extension for WindowsStandalone target not found
Native extension for WebGL target not found
Refreshing native plugins compatible for Editor in 0.83 ms, found 4 plugins.
Preloading 0 native plugins for Editor in 0.00 ms.
Mono: successfully reloaded assembly
- Completed reload, in  1.500 seconds
Domain Reload Profiling:
	ReloadAssembly (1500ms)
		BeginReloadAssembly (124ms)
			ExecutionOrderSort (0ms)
			DisableScriptedObjects (8ms)
			BackupInstance (0ms)
			ReleaseScriptingObjects (0ms)
			CreateAndSetChildDomain (41ms)
		EndReloadAssembly (1306ms)
			LoadAssemblies (107ms)
			RebuildTransferFunctionScriptingTraits (0ms)
			SetupTypeCache (516ms)
			ReleaseScriptCaches (1ms)
			RebuildScriptCaches (61ms)
			SetupLoadedEditorAssemblies (476ms)
				LogAssemblyErrors (0ms)
				InitializePlatformSupportModulesInManaged (6ms)
				SetLoadedEditorAssemblies (0ms)
				RefreshPlugins (1ms)
				BeforeProcessingInitializeOnLoad (70ms)
				ProcessInitializeOnLoadAttributes (371ms)
				ProcessInitializeOnLoadMethodAttributes (23ms)
				AfterProcessingInitializeOnLoad (5ms)
				EditorAssembliesLoaded (0ms)
			ExecutionOrderSort2 (0ms)
			AwakeInstancesAfterBackupRestoration (27ms)
Platform modules already initialized, skipping
Refreshing native plugins compatible for Editor in 0.81 ms, found 4 plugins.
Preloading 0 native plugins for Editor in 0.00 ms.
Unloading 3673 Unused Serialized files (Serialized files now loaded: 0)
System memory in use before: 140.9 MB.
System memory in use after: 141.1 MB.

Unloading 24 unused Assets to reduce memory usage. Loaded Objects now: 4178.
Total: 3.210707 ms (FindLiveObjects: 0.320558 ms CreateObjectMapping: 0.167825 ms MarkObjects: 2.616377 ms  DeleteObjects: 0.104438 ms)

AssetImportParameters requested are different than current active one (requested -> active):
  custom:framework-win-MediaFoundation: 216162199b28c13a410421893ffa2e32 -> 
  custom:video-decoder-ogg-theora: a1e56fd34408186e4bbccfd4996cb3dc -> 
  custom:container-muxer-webm: aa71ff27fc2769a1b78a27578f13a17b -> 
  custom:container-demuxer-webm: 4f35f7cbe854078d1ac9338744f61a02 -> 
  custom:container-demuxer-ogg: 62fdf1f143b41e24485cea50d1cbac27 -> 
  custom:video-encoder-webm-vp8: eb34c28f22e8b96e1ab97ce403110664 -> 
  custom:video-decoder-webm-vp8: 9c59270c3fd7afecdb556c50c9e8de78 -> 
  custom:audio-decoder-ogg-vorbis: bf7c407c2cedff20999df2af8eb42d56 -> 
  custom:audio-encoder-webm-vorbis: bf7c407c2cedff20999df2af8eb42d56 -> 
========================================================================
Received Prepare
Registering precompiled user dll's ...
Registered in 0.005131 seconds.
Begin MonoManager ReloadAssembly
Symbol file LoadedFromMemory doesn't match image F:\licence\PFE\médecin_files\Médecin\Library\PackageCache\com.unity.visualscripting@1.6.1\Editor\VisualScripting.Core\Dependencies\YamlDotNet\Unity.VisualScripting.YamlDotNet.dll
Symbol file LoadedFromMemory doesn't match image F:\licence\PFE\médecin_files\Médecin\Library\PackageCache\com.unity.visualscripting@1.6.1\Editor\VisualScripting.Core\Dependencies\DotNetZip\Unity.VisualScripting.IonicZip.dll
Native extension for WindowsStandalone target not found
Native extension for WebGL target not found
Refreshing native plugins compatible for Editor in 0.82 ms, found 4 plugins.
Preloading 0 native plugins for Editor in 0.00 ms.
Mono: successfully reloaded assembly
- Completed reload, in  1.275 seconds
Domain Reload Profiling:
	ReloadAssembly (1275ms)
		BeginReloadAssembly (118ms)
			ExecutionOrderSort (0ms)
			DisableScriptedObjects (8ms)
			BackupInstance (0ms)
			ReleaseScriptingObjects (0ms)
			CreateAndSetChildDomain (39ms)
		EndReloadAssembly (1092ms)
			LoadAssemblies (107ms)
			RebuildTransferFunctionScriptingTraits (0ms)
			SetupTypeCache (419ms)
			ReleaseScriptCaches (2ms)
			RebuildScriptCaches (62ms)
			SetupLoadedEditorAssemblies (370ms)
				LogAssemblyErrors (0ms)
				InitializePlatformSupportModulesInManaged (6ms)
				SetLoadedEditorAssemblies (1ms)
				RefreshPlugins (1ms)
				BeforeProcessingInitializeOnLoad (69ms)
				ProcessInitializeOnLoadAttributes (279ms)
				ProcessInitializeOnLoadMethodAttributes (11ms)
				AfterProcessingInitializeOnLoad (2ms)
				EditorAssembliesLoaded (0ms)
			ExecutionOrderSort2 (0ms)
			AwakeInstancesAfterBackupRestoration (13ms)
Platform modules already initialized, skipping
Refreshing native plugins compatible for Editor in 0.85 ms, found 4 plugins.
Preloading 0 native plugins for Editor in 0.00 ms.
Unloading 3673 Unused Serialized files (Serialized files now loaded: 0)
System memory in use before: 140.9 MB.
System memory in use after: 141.1 MB.

Unloading 24 unused Assets to reduce memory usage. Loaded Objects now: 4182.
Total: 2.911882 ms (FindLiveObjects: 0.328104 ms CreateObjectMapping: 0.169334 ms MarkObjects: 2.324797 ms  DeleteObjects: 0.088440 ms)

AssetImportParameters requested are different than current active one (requested -> active):
  custom:framework-win-MediaFoundation: 216162199b28c13a410421893ffa2e32 -> 
  custom:video-decoder-ogg-theora: a1e56fd34408186e4bbccfd4996cb3dc -> 
  custom:container-muxer-webm: aa71ff27fc2769a1b78a27578f13a17b -> 
  custom:container-demuxer-webm: 4f35f7cbe854078d1ac9338744f61a02 -> 
  custom:container-demuxer-ogg: 62fdf1f143b41e24485cea50d1cbac27 -> 
  custom:video-encoder-webm-vp8: eb34c28f22e8b96e1ab97ce403110664 -> 
  custom:video-decoder-webm-vp8: 9c59270c3fd7afecdb556c50c9e8de78 -> 
  custom:audio-decoder-ogg-vorbis: bf7c407c2cedff20999df2af8eb42d56 -> 
  custom:audio-encoder-webm-vorbis: bf7c407c2cedff20999df2af8eb42d56 -> 
AssetImportWorkerClient::OnTransportError - code=2 error=End of file
